2025-04-11 18:05:15 [INFO] jp.co.comster.MainRunner.main(): ======Iteratorパターン=====
2025-04-11 18:05:15 [INFO] jp.co.comster.iterator.IteratorMain.main(): A
2025-04-11 18:05:15 [INFO] jp.co.comster.iterator.IteratorMain.main(): B
2025-04-11 18:05:15 [INFO] jp.co.comster.iterator.IteratorMain.main(): C
2025-04-11 18:05:15 [INFO] jp.co.comster.iterator.IteratorMain.main(): D
2025-04-11 18:05:15 [INFO] jp.co.comster.iterator.IteratorMain.main(): A
2025-04-11 18:05:15 [INFO] jp.co.comster.iterator.IteratorMain.main(): B
2025-04-11 18:05:15 [INFO] jp.co.comster.iterator.IteratorMain.main(): C
2025-04-11 18:05:15 [INFO] jp.co.comster.iterator.IteratorMain.main(): D
2025-04-11 18:05:15 [INFO] jp.co.comster.MainRunner.main(): ======Adapterパターン=====
2025-04-11 18:05:15 [INFO] jp.co.comster.adapter.AdapterMain.main(): newfile.txt is created.
2025-04-11 18:05:15 [INFO] jp.co.comster.MainRunner.main(): ======TemplateMethodパターン=====
2025-04-11 18:05:15 [INFO] jp.co.comster.templatemethod.display.CharDisplay.close(): <<HHHHH>>
2025-04-11 18:05:15 [INFO] jp.co.comster.templatemethod.display.StringDisplay.close(): 
+-------------+
|Hello, world.|
|Hello, world.|
|Hello, world.|
|Hello, world.|
|Hello, world.|
+-------------+

2025-04-11 18:05:15 [INFO] jp.co.comster.MainRunner.main(): ======FactoryMethodパターン=====
2025-04-11 18:05:15 [INFO] jp.co.comster.factorymethod.idcard.IDCard.<init>(): Hiroshi Yuki(100番)のカードを作ります。
2025-04-11 18:05:15 [INFO] jp.co.comster.factorymethod.idcard.IDCardFactory.registerProduct(): [IDCard:Hiroshi Yuki(100)]を登録しました。
2025-04-11 18:05:15 [INFO] jp.co.comster.factorymethod.idcard.IDCard.<init>(): Tomura(101番)のカードを作ります。
2025-04-11 18:05:15 [INFO] jp.co.comster.factorymethod.idcard.IDCardFactory.registerProduct(): [IDCard:Tomura(101)]を登録しました。
2025-04-11 18:05:15 [INFO] jp.co.comster.factorymethod.idcard.IDCard.<init>(): Hanako Sato(102番)のカードを作ります。
2025-04-11 18:05:15 [INFO] jp.co.comster.factorymethod.idcard.IDCardFactory.registerProduct(): [IDCard:Hanako Sato(102)]を登録しました。
2025-04-11 18:05:15 [INFO] jp.co.comster.factorymethod.idcard.IDCard.use(): [IDCard:Hiroshi Yuki(100)]を使います。
2025-04-11 18:05:15 [INFO] jp.co.comster.factorymethod.idcard.IDCard.use(): [IDCard:Tomura(101)]を使います。
2025-04-11 18:05:15 [INFO] jp.co.comster.factorymethod.idcard.IDCard.use(): [IDCard:Hanako Sato(102)]を使います。
2025-04-11 18:05:15 [INFO] jp.co.comster.MainRunner.main(): ======Singletonパターン=====
2025-04-11 18:05:15 [INFO] jp.co.comster.singleton.SingletonMain.main(): TickMaster Start.
2025-04-11 18:05:15 [INFO] jp.co.comster.singleton.instance.TicketMaster.<init>(): TickMasterクラスのインスタンスを生成しました。
2025-04-11 18:05:15 [INFO] jp.co.comster.singleton.SingletonMain.main(): 0:1000
2025-04-11 18:05:15 [INFO] jp.co.comster.singleton.SingletonMain.main(): 1:1001
2025-04-11 18:05:15 [INFO] jp.co.comster.singleton.SingletonMain.main(): 2:1002
2025-04-11 18:05:15 [INFO] jp.co.comster.singleton.SingletonMain.main(): 3:1003
2025-04-11 18:05:15 [INFO] jp.co.comster.singleton.SingletonMain.main(): 4:1004
2025-04-11 18:05:15 [INFO] jp.co.comster.singleton.SingletonMain.main(): 5:1005
2025-04-11 18:05:15 [INFO] jp.co.comster.singleton.SingletonMain.main(): 6:1006
2025-04-11 18:05:15 [INFO] jp.co.comster.singleton.SingletonMain.main(): 7:1007
2025-04-11 18:05:15 [INFO] jp.co.comster.singleton.SingletonMain.main(): 8:1008
2025-04-11 18:05:15 [INFO] jp.co.comster.singleton.SingletonMain.main(): 9:1009
2025-04-11 18:05:15 [INFO] jp.co.comster.singleton.SingletonMain.main(): TickMaster End.
2025-04-11 18:05:15 [INFO] jp.co.comster.singleton.SingletonMain.main(): Triple Start.
2025-04-11 18:05:15 [INFO] jp.co.comster.singleton.instance.Triple.<init>(): name:ALPHAのTripleクラスのインスタンスを生成しました。
2025-04-11 18:05:15 [INFO] jp.co.comster.singleton.instance.Triple.<init>(): name:BETAのTripleクラスのインスタンスを生成しました。
2025-04-11 18:05:15 [INFO] jp.co.comster.singleton.instance.Triple.<init>(): name:GAMMAのTripleクラスのインスタンスを生成しました。
2025-04-11 18:05:15 [INFO] jp.co.comster.singleton.SingletonMain.main(): a1 == a2 (ALPHA)
2025-04-11 18:05:15 [INFO] jp.co.comster.singleton.SingletonMain.main(): b1 == b2 (BETA)
2025-04-11 18:05:15 [INFO] jp.co.comster.singleton.SingletonMain.main(): c1 == c2 (GAMMA)
2025-04-11 18:05:15 [INFO] jp.co.comster.singleton.SingletonMain.main(): Triple End.
2025-04-11 18:05:15 [INFO] jp.co.comster.MainRunner.main(): ======Prototypeパターン=====
2025-04-11 18:05:15 [INFO] jp.co.comster.prototype.concreteprototype.UnderlinePen.use(): 
Hello, world.
-------------
2025-04-11 18:05:15 [INFO] jp.co.comster.prototype.concreteprototype.MessageBox.use(): 
***************
*Hello, world.*
***************
2025-04-11 18:05:15 [INFO] jp.co.comster.prototype.concreteprototype.MessageBox.use(): 
///////////////
/Hello, world./
///////////////
2025-04-11 18:05:15 [INFO] jp.co.comster.MainRunner.main(): =====Builderパターン(text)=====
2025-04-11 18:05:15 [INFO] jp.co.comster.builder.BuilderMain.main(): 
==============================
『Greeting』

■一般的なあいさつ

　・How are you?
　・Hello.
　・Hi.

■時間帯に応じたあいさつ

　・Good morning.
　・Good afternoon.
　・Good evening.

==============================

2025-04-11 18:05:15 [INFO] jp.co.comster.MainRunner.main(): =====Builderパターン(html)=====
2025-04-11 18:05:15 [INFO] jp.co.comster.builder.BuilderMain.main(): HTMLファイルがsrc/main/resources/builder/Greeting.htmlに保存されました。
2025-04-11 18:05:15 [INFO] jp.co.comster.MainRunner.main(): =====Builderパターン(markdown)=====
2025-04-11 18:05:15 [INFO] jp.co.comster.builder.BuilderMain.main(): Markdownファイルがsrc/main/resources/builder/Greeting.mdに保存されました。
